<?xml version="1.0" encoding="utf-8"?><testsuites><testsuite errors="0" failures="0" hostname="DESKTOP-7F6EBG1" name="pytest" skipped="0" tests="4" time="0.082" timestamp="2020-09-02T15:03:56.996000"><testcase classname="test_example2-2-3" file="test_example2-2-3.py" line="7" name="test_add" time="0.004"><system-out>create calculator
</system-out></testcase><testcase classname="test_example2-2-3" file="test_example2-2-3.py" line="9" name="test_sub" time="0.002"></testcase><testcase classname="test_example2-2-3" file="test_example2-2-3.py" line="11" name="test_mul" time="0.002"></testcase><testcase classname="test_example2-2-3" file="test_example2-2-3.py" line="13" name="test_div" time="0.003"></testcase></testsuite></testsuites>